<?xml version="1.0" encoding="UTF-8"?>
<testng-results skipped="0" failed="0" ignored="0" total="2" passed="2">
  <reporter-output>
  </reporter-output>
  <suite name="Default suite" duration-ms="74" started-at="2022-04-29T00:36:02 IST" finished-at="2022-04-29T00:36:02 IST">
    <groups>
    </groups>
    <test name="Default test" duration-ms="74" started-at="2022-04-29T00:36:02 IST" finished-at="2022-04-29T00:36:02 IST">
      <class name="sample.MethodAnnotaions">
        <test-method status="PASS" signature="afterMethod()[pri:0, instance:sample.MethodAnnotaions@5e853265]" name="afterMethod" is-config="true" duration-ms="8" started-at="2022-04-29T00:36:02 IST" finished-at="2022-04-29T00:36:02 IST">
          <reporter-output>
          </reporter-output>
        </test-method> <!-- afterMethod -->
        <test-method status="PASS" signature="first()[pri:0, instance:sample.MethodAnnotaions@5e853265]" name="first" duration-ms="1" started-at="2022-04-29T00:36:02 IST" finished-at="2022-04-29T00:36:02 IST">
          <reporter-output>
          </reporter-output>
        </test-method> <!-- first -->
        <test-method status="PASS" signature="second()[pri:0, instance:sample.MethodAnnotaions@5e853265]" name="second" duration-ms="0" started-at="2022-04-29T00:36:02 IST" finished-at="2022-04-29T00:36:02 IST">
          <reporter-output>
          </reporter-output>
        </test-method> <!-- second -->
        <test-method status="PASS" signature="beforeMethod()[pri:0, instance:sample.MethodAnnotaions@5e853265]" name="beforeMethod" is-config="true" duration-ms="0" started-at="2022-04-29T00:36:02 IST" finished-at="2022-04-29T00:36:02 IST">
          <reporter-output>
          </reporter-output>
        </test-method> <!-- beforeMethod -->
        <test-method status="PASS" signature="afterMethod()[pri:0, instance:sample.MethodAnnotaions@5e853265]" name="afterMethod" is-config="true" duration-ms="0" started-at="2022-04-29T00:36:02 IST" finished-at="2022-04-29T00:36:02 IST">
          <reporter-output>
          </reporter-output>
        </test-method> <!-- afterMethod -->
        <test-method status="PASS" signature="beforeMethod()[pri:0, instance:sample.MethodAnnotaions@5e853265]" name="beforeMethod" is-config="true" duration-ms="0" started-at="2022-04-29T00:36:02 IST" finished-at="2022-04-29T00:36:02 IST">
          <reporter-output>
          </reporter-output>
        </test-method> <!-- beforeMethod -->
      </class> <!-- sample.MethodAnnotaions -->
    </test> <!-- Default test -->
  </suite> <!-- Default suite -->
</testng-results>
